mode: set
github.com/firmanali/book-reservation/cmd/web/main.go:22.13,24.16 2 0
github.com/firmanali/book-reservation/cmd/web/main.go:27.2,35.16 4 0
github.com/firmanali/book-reservation/cmd/web/main.go:24.16,26.3 1 0
github.com/firmanali/book-reservation/cmd/web/main.go:38.18,53.16 10 1
github.com/firmanali/book-reservation/cmd/web/main.go:58.2,64.12 6 1
github.com/firmanali/book-reservation/cmd/web/main.go:53.16,56.3 2 0
github.com/firmanali/book-reservation/cmd/web/middleware.go:9.45,18.2 3 1
github.com/firmanali/book-reservation/cmd/web/middleware.go:20.50,22.2 1 1
github.com/firmanali/book-reservation/cmd/web/routes.go:12.49,39.2 18 1
