mode: set
github.com/firmanali/book-reservation/internal/forms/forms.go:16.29,18.2 1 1
github.com/firmanali/book-reservation/internal/forms/forms.go:20.33,24.2 1 1
github.com/firmanali/book-reservation/internal/forms/forms.go:27.43,28.31 1 1
github.com/firmanali/book-reservation/internal/forms/forms.go:28.31,30.37 2 1
github.com/firmanali/book-reservation/internal/forms/forms.go:30.37,32.4 1 1
github.com/firmanali/book-reservation/internal/forms/forms.go:37.39,39.13 2 1
github.com/firmanali/book-reservation/internal/forms/forms.go:43.2,43.13 1 1
github.com/firmanali/book-reservation/internal/forms/forms.go:39.13,42.3 2 1
github.com/firmanali/book-reservation/internal/forms/forms.go:47.57,49.19 2 1
github.com/firmanali/book-reservation/internal/forms/forms.go:53.2,53.13 1 1
github.com/firmanali/book-reservation/internal/forms/forms.go:49.19,52.3 2 1
github.com/firmanali/book-reservation/internal/forms/forms.go:56.38,57.40 1 1
github.com/firmanali/book-reservation/internal/forms/forms.go:57.40,59.3 1 1
github.com/firmanali/book-reservation/internal/forms/errors.go:6.44,8.2 1 1
github.com/firmanali/book-reservation/internal/forms/errors.go:11.42,13.18 2 1
github.com/firmanali/book-reservation/internal/forms/errors.go:16.2,16.14 1 1
github.com/firmanali/book-reservation/internal/forms/errors.go:13.18,15.3 1 1
